The system is: Windows - 10.0.18362 - AMD64
Compiling the C compiler identification source file "CMakeCCompilerId.c" succeeded.
Compiler: D:/programing/vs/VC/Tools/MSVC/14.25.28610/bin/HostX64/x64/cl.exe 
Build flags: 
Id flags:  

The output was:
0
用于 x64 的 Microsoft (R) C/C++ 优化编译器 19.25.28611 版
版权所有(C) Microsoft Corporation。保留所有权利。

CMakeCCompilerId.c
Microsoft (R) Incremental Linker Version 14.25.28611.0
Copyright (C) Microsoft Corporation.  All rights reserved.

/out:CMakeCCompilerId.exe 
CMakeCCompilerId.obj 


Compilation of the C compiler identification source "CMakeCCompilerId.c" produced "CMakeCCompilerId.exe"

Compilation of the C compiler identification source "CMakeCCompilerId.c" produced "CMakeCCompilerId.obj"

The C compiler identification is MSVC, found in "D:/programing/cpp_projects/loxpp/out/build/x64-Debug/CMakeFiles/3.16.19112601-MSVC_2/CompilerIdC/CMakeCCompilerId.exe"

Compiling the CXX compiler identification source file "CMakeCXXCompilerId.cpp" succeeded.
Compiler: D:/programing/vs/VC/Tools/MSVC/14.25.28610/bin/HostX64/x64/cl.exe 
Build flags: 
Id flags:  

The output was:
0
用于 x64 的 Microsoft (R) C/C++ 优化编译器 19.25.28611 版
版权所有(C) Microsoft Corporation。保留所有权利。

CMakeCXXCompilerId.cpp
Microsoft (R) Incremental Linker Version 14.25.28611.0
Copyright (C) Microsoft Corporation.  All rights reserved.

/out:CMakeCXXCompilerId.exe 
CMakeCXXCompilerId.obj 


Compilation of the CXX compiler identification source "CMakeCXXCompilerId.cpp" produced "CMakeCXXCompilerId.exe"

Compilation of the CXX compiler identification source "CMakeCXXCompilerId.cpp" produced "CMakeCXXCompilerId.obj"

The CXX compiler identification is MSVC, found in "D:/programing/cpp_projects/loxpp/out/build/x64-Debug/CMakeFiles/3.16.19112601-MSVC_2/CompilerIdCXX/CMakeCXXCompilerId.exe"

Determining if the C compiler works passed with the following output:
Change Dir: D:/programing/cpp_projects/loxpp/out/build/x64-Debug/CMakeFiles/CMakeTmp

Run Build Command(s):D:\PROGRAMING\VS\COMMON7\IDE\COMMONEXTENSIONS\MICROSOFT\CMAKE\Ninja\ninja.exe cmTC_4694e && [1/2] Building C object CMakeFiles\cmTC_4694e.dir\testCCompiler.c.obj
[2/2] Linking C executable cmTC_4694e.exe



Detecting C compiler ABI info compiled with the following output:
Change Dir: D:/programing/cpp_projects/loxpp/out/build/x64-Debug/CMakeFiles/CMakeTmp

Run Build Command(s):D:\PROGRAMING\VS\COMMON7\IDE\COMMONEXTENSIONS\MICROSOFT\CMAKE\Ninja\ninja.exe cmTC_31322 && [1/2] Building C object CMakeFiles\cmTC_31322.dir\CMakeCCompilerABI.c.obj
[2/2] Linking C executable cmTC_31322.exe



Determining if the CXX compiler works passed with the following output:
Change Dir: D:/programing/cpp_projects/loxpp/out/build/x64-Debug/CMakeFiles/CMakeTmp

Run Build Command(s):D:\PROGRAMING\VS\COMMON7\IDE\COMMONEXTENSIONS\MICROSOFT\CMAKE\Ninja\ninja.exe cmTC_9132f && [1/2] Building CXX object CMakeFiles\cmTC_9132f.dir\testCXXCompiler.cxx.obj
[2/2] Linking CXX executable cmTC_9132f.exe



Detecting CXX compiler ABI info compiled with the following output:
Change Dir: D:/programing/cpp_projects/loxpp/out/build/x64-Debug/CMakeFiles/CMakeTmp

Run Build Command(s):D:\PROGRAMING\VS\COMMON7\IDE\COMMONEXTENSIONS\MICROSOFT\CMAKE\Ninja\ninja.exe cmTC_459b3 && [1/2] Building CXX object CMakeFiles\cmTC_459b3.dir\CMakeCXXCompilerABI.cpp.obj
[2/2] Linking CXX executable cmTC_459b3.exe



Performing C++ SOURCE FILE Test _cpp_latest_flag_supported succeeded with the following output:
Change Dir: D:/programing/cpp_projects/loxpp/out/build/x64-Debug/CMakeFiles/CMakeTmp

Run Build Command(s):D:\PROGRAMING\VS\COMMON7\IDE\COMMONEXTENSIONS\MICROSOFT\CMAKE\Ninja\ninja.exe cmTC_c8d54 && [1/2] Building CXX object CMakeFiles\cmTC_c8d54.dir\src.cxx.obj
[2/2] Linking CXX executable cmTC_c8d54.exe


Source file was:
int main() { return 0; }
